<?xml version="1.0" encoding="UTF-8"?>
<!-- Generated by org.testng.reporters.JUnitXMLReporter -->
<testsuite ignored="0" hostname="Ankits-MacBook-Pro.local" failures="0" tests="3" name="Leopard" time="21.145" errors="0" timestamp="17 Sep 2020 16:50:58 GMT">
  <testcase classname="AutoCompleteTest" name="start" time="8.903"/>
  <testcase classname="DragAndDropTest" name="testDragAndDrop" time="4.532"/>
  <testcase classname="SwitchWindowTest" name="start" time="5.356"/>
</testsuite> <!-- Leopard -->
