<?xml version="1.0" encoding="UTF-8"?>
<testng-results ignored="0" total="3" passed="3" failed="0" skipped="0">
  <reporter-output>
  </reporter-output>
  <suite started-at="2020-09-17T16:50:32Z" name="Suite1" finished-at="2020-09-17T16:50:53Z" duration-ms="21145">
    <groups>
    </groups>
    <test started-at="2020-09-17T16:50:32Z" name="Leopard" finished-at="2020-09-17T16:50:53Z" duration-ms="21145">
      <class name="AutoCompleteTest">
        <test-method is-config="true" signature="Setup()[pri:0, instance:AutoCompleteTest@3e27ba32]" started-at="2020-09-17T16:50:32Z" name="Setup" finished-at="2020-09-17T16:50:32Z" duration-ms="112" status="PASS">
          <reporter-output>
          </reporter-output>
        </test-method> <!-- Setup -->
        <test-method signature="start()[pri:0, instance:AutoCompleteTest@3e27ba32]" started-at="2020-09-17T16:50:32Z" name="start" finished-at="2020-09-17T16:50:41Z" duration-ms="8903" status="PASS">
          <reporter-output>
          </reporter-output>
        </test-method> <!-- start -->
        <test-method is-config="true" signature="TearDown(org.testng.ITestResult)[pri:0, instance:AutoCompleteTest@3e27ba32]" started-at="2020-09-17T16:50:41Z" name="TearDown" finished-at="2020-09-17T16:50:42Z" duration-ms="854" status="PASS">
          <params>
            <param index="0">
              <value>
                <![CDATA[[TestResult name=start status=SUCCESS method=AutoCompleteTest.start()[pri:0, instance:AutoCompleteTest@3e27ba32] output={null}]]]>
              </value>
            </param>
          </params>
          <reporter-output>
          </reporter-output>
        </test-method> <!-- TearDown -->
      </class> <!-- AutoCompleteTest -->
      <class name="SwitchWindowTest">
        <test-method is-config="true" signature="Setup()[pri:0, instance:SwitchWindowTest@3b0fe47a]" started-at="2020-09-17T16:50:47Z" name="Setup" finished-at="2020-09-17T16:50:47Z" duration-ms="1" status="PASS">
          <reporter-output>
          </reporter-output>
        </test-method> <!-- Setup -->
        <test-method signature="start()[pri:0, instance:SwitchWindowTest@3b0fe47a]" started-at="2020-09-17T16:50:47Z" name="start" finished-at="2020-09-17T16:50:52Z" duration-ms="5356" status="PASS">
          <reporter-output>
          </reporter-output>
        </test-method> <!-- start -->
        <test-method is-config="true" signature="TearDown(org.testng.ITestResult)[pri:0, instance:SwitchWindowTest@3b0fe47a]" started-at="2020-09-17T16:50:52Z" name="TearDown" finished-at="2020-09-17T16:50:53Z" duration-ms="698" status="PASS">
          <params>
            <param index="0">
              <value>
                <![CDATA[[TestResult name=start status=SUCCESS method=SwitchWindowTest.start()[pri:0, instance:SwitchWindowTest@3b0fe47a] output={null}]]]>
              </value>
            </param>
          </params>
          <reporter-output>
          </reporter-output>
        </test-method> <!-- TearDown -->
      </class> <!-- SwitchWindowTest -->
      <class name="DragAndDropTest">
        <test-method is-config="true" signature="Setup()[pri:0, instance:DragAndDropTest@7ef82753]" started-at="2020-09-17T16:50:42Z" name="Setup" finished-at="2020-09-17T16:50:42Z" duration-ms="1" status="PASS">
          <reporter-output>
          </reporter-output>
        </test-method> <!-- Setup -->
        <test-method signature="testDragAndDrop()[pri:0, instance:DragAndDropTest@7ef82753]" started-at="2020-09-17T16:50:42Z" name="testDragAndDrop" finished-at="2020-09-17T16:50:46Z" duration-ms="4532" status="PASS">
          <reporter-output>
          </reporter-output>
        </test-method> <!-- testDragAndDrop -->
        <test-method is-config="true" signature="TearDown(org.testng.ITestResult)[pri:0, instance:DragAndDropTest@7ef82753]" started-at="2020-09-17T16:50:46Z" name="TearDown" finished-at="2020-09-17T16:50:47Z" duration-ms="673" status="PASS">
          <params>
            <param index="0">
              <value>
                <![CDATA[[TestResult name=testDragAndDrop status=SUCCESS method=DragAndDropTest.testDragAndDrop()[pri:0, instance:DragAndDropTest@7ef82753] output={null}]]]>
              </value>
            </param>
          </params>
          <reporter-output>
          </reporter-output>
        </test-method> <!-- TearDown -->
      </class> <!-- DragAndDropTest -->
    </test> <!-- Leopard -->
  </suite> <!-- Suite1 -->
</testng-results>
